<?xml version="1.0" encoding="UTF-8"?>
<robot generator="Robot 7.3.1 (Python 3.10.4 on win32)" generated="2025-08-01T11:27:53.379903" rpa="false" schemaversion="5">
<suite id="s1" name="Demo" source="d:\Training_Auto\traing_robot\demo.robot">
<test id="s1-t1" name="Verify Unsuccessful Login" line="23">
<kw name="Setup test demo" type="SETUP">
<kw name="Get Chrome Options" owner="browser_options">
<msg time="2025-08-01T11:27:54.524519" level="INFO">${options} = &lt;selenium.webdriver.chrome.options.Options object at 0x0000022BE19C07C0&gt;</msg>
<var>${options}</var>
<status status="PASS" start="2025-08-01T11:27:54.522519" elapsed="0.004165"/>
</kw>
<kw name="Open Browser" owner="SeleniumLibrary">
<msg time="2025-08-01T11:27:54.528719" level="INFO">Opening browser 'Chrome' to base url 'https://the-internet.herokuapp.com/login'.</msg>
<arg>${URL}</arg>
<arg>${BROWSER}</arg>
<arg>options=${options}</arg>
<doc>Opens a new browser instance to the optional ``url``.</doc>
<status status="PASS" start="2025-08-01T11:27:54.527700" elapsed="5.914291"/>
</kw>
<status status="PASS" start="2025-08-01T11:27:54.519519" elapsed="5.922472"/>
</kw>
<kw name="Login To Application" owner="common_keywords">
<kw name="Input Text" owner="SeleniumLibrary">
<msg time="2025-08-01T11:28:00.449581" level="INFO">Typing text 'tomsmith' into text field 'id=username'.</msg>
<arg>${USERNAME_LOCATOR}</arg>
<arg>${username}</arg>
<doc>Types the given ``text`` into the text field identified by ``locator``.</doc>
<status status="PASS" start="2025-08-01T11:28:00.447556" elapsed="0.085724"/>
</kw>
<kw name="Input Text" owner="SeleniumLibrary">
<msg time="2025-08-01T11:28:00.534281" level="INFO">Typing text 'SuperSecretPassword!' into text field 'id=password'.</msg>
<arg>${PASSWORD_LOCATOR}</arg>
<arg>${password}</arg>
<doc>Types the given ``text`` into the text field identified by ``locator``.</doc>
<status status="PASS" start="2025-08-01T11:28:00.534281" elapsed="0.083126"/>
</kw>
<kw name="Click Element" owner="SeleniumLibrary">
<msg time="2025-08-01T11:28:00.621379" level="INFO">Clicking element 'xpath=//*[@id="login"]/button'.</msg>
<arg>${LOGIN_BUTTON_LOCATOR}</arg>
<doc>Click the element identified by ``locator``.</doc>
<status status="PASS" start="2025-08-01T11:28:00.618396" elapsed="0.063921"/>
</kw>
<kw name="Sleep" owner="BuiltIn">
<msg time="2025-08-01T11:28:02.692730" level="INFO">Slept 2 seconds.</msg>
<arg>2s</arg>
<doc>Pauses the test executed for the given time.</doc>
<status status="PASS" start="2025-08-01T11:28:00.683818" elapsed="2.009912"/>
</kw>
<arg>${USERNAME}</arg>
<arg>${PASSWORD}</arg>
<status status="PASS" start="2025-08-01T11:28:00.445542" elapsed="2.249713"/>
</kw>
<kw name="Click Element" owner="SeleniumLibrary">
<msg time="2025-08-01T11:28:02.708824" level="INFO">Clicking element 'xpath=//*[@id="content"]/div/a'.</msg>
<arg>xpath=//*[@id="content"]/div/a</arg>
<doc>Click the element identified by ``locator``.</doc>
<status status="PASS" start="2025-08-01T11:28:02.704268" elapsed="0.603672"/>
</kw>
<kw name="Element Should Contain" owner="SeleniumLibrary">
<msg time="2025-08-01T11:28:03.335487" level="INFO">Element 'id=flash' contains text 'You logged out of the secure area!'.</msg>
<arg>${MESSAGE}</arg>
<arg>You logged out of the secure area!</arg>
<doc>Verifies that element ``locator`` contains text ``expected``.</doc>
<status status="PASS" start="2025-08-01T11:28:03.310959" elapsed="0.026543"/>
</kw>
<kw name="Clear and Quit Browser" type="TEARDOWN">
<kw name="Close Browser" owner="SeleniumLibrary">
<doc>Closes the current browser.</doc>
<status status="PASS" start="2025-08-01T11:28:03.344517" elapsed="2.192765"/>
</kw>
<kw name="Cleanup Temp Chrome User Data Directory" owner="browser_options">
<msg time="2025-08-01T11:28:05.750000" level="INFO">Attempting to cleanup temporary user data directory: C:\Users\QC\AppData\Local\Temp\chrome_profile_ebfy42xw
Successfully cleaned up temporary user data directory: C:\Users\QC\AppData\Local\Temp\chrome_profile_ebfy42xw</msg>
<doc>Cleans up the temporary Chrome user data directory created by get_chrome_options().
This function should be called in a Robot Framework Teardown.</doc>
<status status="PASS" start="2025-08-01T11:28:05.539277" elapsed="0.212708"/>
</kw>
<status status="PASS" start="2025-08-01T11:28:03.340516" elapsed="2.412470"/>
</kw>
<doc>This test case verifies unsuccessful login functionality</doc>
<status status="PASS" start="2025-08-01T11:27:54.516514" elapsed="11.240032"/>
</test>
<status status="PASS" start="2025-08-01T11:27:53.388458" elapsed="12.377101"/>
</suite>
<statistics>
<total>
<stat pass="1" fail="0" skip="0">All Tests</stat>
</total>
<tag>
</tag>
<suite>
<stat name="Demo" id="s1" pass="1" fail="0" skip="0">Demo</stat>
</suite>
</statistics>
<errors>
</errors>
</robot>
