<?xml version="1.0" encoding="UTF-8"?>
<robot generator="Robot 7.3.2 (Python 3.10.4 on linux)" generated="2025-11-12T09:19:32.110095" rpa="false" schemaversion="5">
<suite id="s1" name="Demo" source="/app/demo.robot">
<test id="s1-t1" name="Verify Successful Login" line="11">
<kw name="Setup test demo" type="SETUP">
<kw name="Get Chrome Options Object" owner="browser_options">
<msg time="2025-11-12T09:19:32.664089" level="INFO">Created temporary user data directory: /tmp/chrome_profile_n7__xsi4</msg>
<msg time="2025-11-12T09:19:32.664246" level="INFO">${options} = &lt;selenium.webdriver.chrome.options.Options object at 0x7f9209500e50&gt;</msg>
<var>${options}</var>
<doc>Tạo và trả về một đối tượng ChromeOptions đã cấu hình mạnh mẽ
để tắt popup lưu mật khẩu và các thông báo khác,
đặc biệt khi chạy headless trên Linux.</doc>
<status status="PASS" start="2025-11-12T09:19:32.663455" elapsed="0.000825"/>
</kw>
<kw name="Open Browser" owner="SeleniumLibrary">
<msg time="2025-11-12T09:19:32.665887" level="FAIL">Variable '${BASE_URL}' not found.</msg>
<arg>${BASE_URL}</arg>
<arg>${BROWSER}</arg>
<arg>options=${options}</arg>
<doc>Opens a new browser instance to the optional ``url``.</doc>
<status status="FAIL" start="2025-11-12T09:19:32.665265" elapsed="0.000671">Variable '${BASE_URL}' not found.</status>
</kw>
<status status="FAIL" start="2025-11-12T09:19:32.662720" elapsed="0.003348">Variable '${BASE_URL}' not found.</status>
</kw>
<kw name="Clear and Quit Browser" type="TEARDOWN">
<kw name="Close Browser" owner="SeleniumLibrary">
<doc>Closes the current browser.</doc>
<status status="PASS" start="2025-11-12T09:19:32.666709" elapsed="0.000206"/>
</kw>
<kw name="Sleep" owner="BuiltIn">
<msg time="2025-11-12T09:19:33.667359" level="INFO">Slept 1 second.</msg>
<arg>1s</arg>
<doc>Pauses the test executed for the given time.</doc>
<status status="PASS" start="2025-11-12T09:19:32.667028" elapsed="1.000464"/>
</kw>
<kw name="Cleanup Chrome User Data Directory" owner="browser_options">
<msg time="2025-11-12T09:19:33.667992" level="INFO">Attempting to cleanup temporary user data directory: /tmp/chrome_profile_n7__xsi4
Successfully cleaned up temporary user data directory: /tmp/chrome_profile_n7__xsi4</msg>
<status status="PASS" start="2025-11-12T09:19:33.667681" elapsed="0.000371"/>
</kw>
<status status="PASS" start="2025-11-12T09:19:32.666403" elapsed="1.001748"/>
</kw>
<doc>This test case verifies successful login functionality</doc>
<status status="FAIL" start="2025-11-12T09:19:32.662008" elapsed="1.006211">Setup failed:
Variable '${BASE_URL}' not found.</status>
</test>
<test id="s1-t2" name="Verify Unsuccessful Login" line="23">
<kw name="Setup test demo" type="SETUP">
<kw name="Get Chrome Options Object" owner="browser_options">
<msg time="2025-11-12T09:19:33.669961" level="INFO">Created temporary user data directory: /tmp/chrome_profile_i01ah471</msg>
<msg time="2025-11-12T09:19:33.670086" level="INFO">${options} = &lt;selenium.webdriver.chrome.options.Options object at 0x7f92095010f0&gt;</msg>
<var>${options}</var>
<doc>Tạo và trả về một đối tượng ChromeOptions đã cấu hình mạnh mẽ
để tắt popup lưu mật khẩu và các thông báo khác,
đặc biệt khi chạy headless trên Linux.</doc>
<status status="PASS" start="2025-11-12T09:19:33.669275" elapsed="0.000843"/>
</kw>
<kw name="Open Browser" owner="SeleniumLibrary">
<msg time="2025-11-12T09:19:33.670900" level="FAIL">Variable '${BASE_URL}' not found.</msg>
<arg>${BASE_URL}</arg>
<arg>${BROWSER}</arg>
<arg>options=${options}</arg>
<doc>Opens a new browser instance to the optional ``url``.</doc>
<status status="FAIL" start="2025-11-12T09:19:33.670293" elapsed="0.000654">Variable '${BASE_URL}' not found.</status>
</kw>
<status status="FAIL" start="2025-11-12T09:19:33.668986" elapsed="0.002086">Variable '${BASE_URL}' not found.</status>
</kw>
<kw name="Clear and Quit Browser" type="TEARDOWN">
<kw name="Close Browser" owner="SeleniumLibrary">
<doc>Closes the current browser.</doc>
<status status="PASS" start="2025-11-12T09:19:33.671710" elapsed="0.000147"/>
</kw>
<kw name="Sleep" owner="BuiltIn">
<msg time="2025-11-12T09:19:34.672385" level="INFO">Slept 1 second.</msg>
<arg>1s</arg>
<doc>Pauses the test executed for the given time.</doc>
<status status="PASS" start="2025-11-12T09:19:33.671973" elapsed="1.000639"/>
</kw>
<kw name="Cleanup Chrome User Data Directory" owner="browser_options">
<msg time="2025-11-12T09:19:34.673318" level="INFO">Attempting to cleanup temporary user data directory: /tmp/chrome_profile_i01ah471
Successfully cleaned up temporary user data directory: /tmp/chrome_profile_i01ah471</msg>
<status status="PASS" start="2025-11-12T09:19:34.672897" elapsed="0.000508"/>
</kw>
<status status="PASS" start="2025-11-12T09:19:33.671414" elapsed="1.002105"/>
</kw>
<doc>This test case verifies unsuccessful login functionality</doc>
<status status="FAIL" start="2025-11-12T09:19:33.668555" elapsed="1.005048">Setup failed:
Variable '${BASE_URL}' not found.</status>
</test>
<status status="FAIL" start="2025-11-12T09:19:32.112828" elapsed="2.561508"/>
</suite>
<statistics>
<total>
<stat pass="0" fail="2" skip="0">All Tests</stat>
</total>
<tag>
</tag>
<suite>
<stat name="Demo" id="s1" pass="0" fail="2" skip="0">Demo</stat>
</suite>
</statistics>
<errors>
</errors>
</robot>
